main DEBUG commom.Log - 中文 (中国)	中国	中文	zh	CN
main DEBUG commom.Log - Windows 76.1 amd644
main DEBUG commom.Log - Oracle Corporation	1.8.0_45
main DEBUG commom.Log - 当前登录用户:	Administrator
main DEBUG commom.Log - 当前登录用户:	Administrator
main DEBUG commom.Log - Windows 7 6.1 amd64 4
main DEBUG commom.Log - Oracle Corporation 1.8.0_45
main DEBUG commom.Log - 中文 (中国)	中国	中文	zh	CN
main DEBUG commom.Log - 当前登录用户:	Administrator
main DEBUG commom.Log - Windows 7	6.1 amd64 4
main DEBUG commom.Log - Oracle Corporation	1.8.0_45	Java HotSpot(TM) 64-Bit Server VM
main DEBUG commom.Log - 中文 (中国)	中国	中文	zh	CN
main DEBUG commom.Log - 当前登录用户:	Administrator
main DEBUG commom.Log - Windows 7	6.1 amd64 4
main DEBUG commom.Log - Oracle Corporation	1.8.0_45 Java HotSpot(TM) 64-Bit Server VM
main DEBUG commom.Log - 中文 (中国)	中国	中文	zh	CN
main DEBUG commom.Log - 当前登录用户:	Administrator
main DEBUG commom.Log - Windows 7 6.1 amd64 4
main DEBUG commom.Log - Oracle Corporation 1.8.0_45 Java HotSpot(TM) 64-Bit Server VM
main DEBUG commom.Log - 中文 (中国)	中国	中文	zh	CN
main DEBUG commom.Log - 当前登录用户:	Administrator
main DEBUG commom.Log - Windows 7 6.1 amd64 4
main DEBUG commom.Log - Oracle Corporation 1.8.0_45 Java HotSpot(TM) 64-Bit Server VM
main DEBUG commom.Log - 中文 (中国)	中国	中文	zh	CN
main ERROR commom.Messages - RabbitMQChannel.1没有找到
main ERROR commom.Messages - RabbitMQChannel.1	没有找到
main DEBUG commom.Log - 当前登录用户:	Administrator
main DEBUG commom.Log - Windows 7 6.1 amd64 4
main DEBUG commom.Log - Oracle Corporation 1.8.0_45 Java HotSpot(TM) 64-Bit Server VM
main DEBUG commom.Log - 中文 (中国)	中国	中文	zh	CN
